<?xml version="1.0" encoding="UTF-8"?>
<testng-results skipped="0" failed="1" total="1" passed="0">
  <reporter-output>
  </reporter-output>
  <suite name="Default suite" duration-ms="45286" started-at="2015-12-07T04:48:20Z" finished-at="2015-12-07T04:49:05Z">
    <groups>
    </groups>
    <test name="Default test" duration-ms="45286" started-at="2015-12-07T04:48:20Z" finished-at="2015-12-07T04:49:05Z">
      <class name="Outfittery.web.tests.HomePageTest">
        <test-method status="PASS" signature="createSession()[pri:0, instance:Outfittery.web.tests.HomePageTest@96532d6]" name="createSession" is-config="true" duration-ms="8940" started-at="2015-12-07T10:18:20Z" finished-at="2015-12-07T10:18:29Z">
          <reporter-output>
          </reporter-output>
        </test-method> <!-- createSession -->
        <test-method status="PASS" signature="instantiateHelpers()[pri:0, instance:Outfittery.web.tests.HomePageTest@96532d6]" name="instantiateHelpers" is-config="true" duration-ms="107" started-at="2015-12-07T10:18:29Z" finished-at="2015-12-07T10:18:29Z">
          <reporter-output>
          </reporter-output>
        </test-method> <!-- instantiateHelpers -->
        <test-method status="FAIL" signature="logintest()[pri:0, instance:Outfittery.web.tests.HomePageTest@96532d6]" name="logintest" duration-ms="35974" started-at="2015-12-07T10:18:29Z" finished-at="2015-12-07T10:19:05Z">
          <exception class="java.lang.Error">
            <message>
              <![CDATA[Unresolved compilation problem: 
	overview cannot be resolved or is not a field
]]>
            </message>
            <full-stacktrace>
              <![CDATA[java.lang.Error: Unresolved compilation problem: 
	overview cannot be resolved or is not a field

	at Outfittery.web.helpers.HomeHelper.loginp(HomeHelper.java:62)
	at Outfittery.web.tests.HomePageTest.logintest(HomePageTest.java:34)
	at sun.reflect.NativeMethodAccessorImpl.invoke0(Native Method)
	at sun.reflect.NativeMethodAccessorImpl.invoke(NativeMethodAccessorImpl.java:62)
	at sun.reflect.DelegatingMethodAccessorImpl.invoke(DelegatingMethodAccessorImpl.java:43)
	at java.lang.reflect.Method.invoke(Method.java:497)
	at org.testng.internal.MethodInvocationHelper.invokeMethod(MethodInvocationHelper.java:84)
	at org.testng.internal.Invoker.invokeMethod(Invoker.java:714)
	at org.testng.internal.Invoker.invokeTestMethod(Invoker.java:901)
	at org.testng.internal.Invoker.invokeTestMethods(Invoker.java:1231)
	at org.testng.internal.TestMethodWorker.invokeTestMethods(TestMethodWorker.java:127)
	at org.testng.internal.TestMethodWorker.run(TestMethodWorker.java:111)
	at org.testng.TestRunner.privateRun(TestRunner.java:767)
	at org.testng.TestRunner.run(TestRunner.java:617)
	at org.testng.SuiteRunner.runTest(SuiteRunner.java:334)
	at org.testng.SuiteRunner.runSequentially(SuiteRunner.java:329)
	at org.testng.SuiteRunner.privateRun(SuiteRunner.java:291)
	at org.testng.SuiteRunner.run(SuiteRunner.java:240)
	at org.testng.SuiteRunnerWorker.runSuite(SuiteRunnerWorker.java:52)
	at org.testng.SuiteRunnerWorker.run(SuiteRunnerWorker.java:86)
	at org.testng.TestNG.runSuitesSequentially(TestNG.java:1224)
	at org.testng.TestNG.runSuitesLocally(TestNG.java:1149)
	at org.testng.TestNG.run(TestNG.java:1057)
	at org.testng.remote.RemoteTestNG.run(RemoteTestNG.java:111)
	at org.testng.remote.RemoteTestNG.initAndRun(RemoteTestNG.java:204)
	at org.testng.remote.RemoteTestNG.main(RemoteTestNG.java:175)
]]>
            </full-stacktrace>
          </exception> <!-- java.lang.Error -->
          <reporter-output>
          </reporter-output>
        </test-method> <!-- logintest -->
        <test-method status="PASS" signature="teardown()[pri:0, instance:Outfittery.web.tests.HomePageTest@96532d6]" name="teardown" is-config="true" duration-ms="248" started-at="2015-12-07T10:19:05Z" finished-at="2015-12-07T10:19:05Z">
          <reporter-output>
          </reporter-output>
        </test-method> <!-- teardown -->
      </class> <!-- Outfittery.web.tests.HomePageTest -->
    </test> <!-- Default test -->
  </suite> <!-- Default suite -->
</testng-results>
