<?xml version="1.0" encoding="UTF-8"?>
<testng-results skipped="0" failed="1" total="1" passed="0">
  <reporter-output>
  </reporter-output>
  <suite name="Default suite" duration-ms="65182" started-at="2015-12-07T09:46:58Z" finished-at="2015-12-07T09:48:03Z">
    <groups>
    </groups>
    <test name="Default test" duration-ms="65182" started-at="2015-12-07T09:46:58Z" finished-at="2015-12-07T09:48:03Z">
      <class name="Outfittery.web.tests.HomePageTest">
        <test-method status="PASS" signature="createSession()[pri:0, instance:Outfittery.web.tests.HomePageTest@96532d6]" name="createSession" is-config="true" duration-ms="13573" started-at="2015-12-07T15:16:58Z" finished-at="2015-12-07T15:17:12Z">
          <reporter-output>
          </reporter-output>
        </test-method> <!-- createSession -->
        <test-method status="PASS" signature="instantiateHelpers()[pri:0, instance:Outfittery.web.tests.HomePageTest@96532d6]" name="instantiateHelpers" is-config="true" duration-ms="123" started-at="2015-12-07T15:17:12Z" finished-at="2015-12-07T15:17:12Z">
          <reporter-output>
          </reporter-output>
        </test-method> <!-- instantiateHelpers -->
        <test-method status="FAIL" signature="logintest()[pri:0, instance:Outfittery.web.tests.HomePageTest@96532d6]" name="logintest" duration-ms="51466" started-at="2015-12-07T15:17:12Z" finished-at="2015-12-07T15:18:03Z">
          <exception class="org.openqa.selenium.NoSuchElementException">
            <message>
              <![CDATA[The given selector //*[@id=;profileEdit-section']/section/div/div[1] is either invalid or does not result in a WebElement. The following error occurred:
InvalidSelectorError: Unable to locate an element with the xpath expression //*[@id=;profileEdit-section']/section/div/div[1] because of the following error:
SyntaxError: The expression is not a legal expression.
Command duration or timeout: 8.94 seconds
For documentation on this error, please visit: http://seleniumhq.org/exceptions/invalid_selector_exception.html
Build info: version: '2.45.0', revision: '32a636c', time: '2015-03-05 22:01:35'
System info: host: 'MBK-TECH-81.local', ip: '192.168.4.182', os.name: 'Mac OS X', os.arch: 'x86_64', os.version: '10.11', java.version: '1.8.0_45'
Driver info: org.openqa.selenium.firefox.FirefoxDriver
Capabilities [{applicationCacheEnabled=true, rotatable=false, handlesAlerts=true, databaseEnabled=true, version=42.0, platform=MAC, nativeEvents=false, acceptSslCerts=true, webStorageEnabled=true, locationContextEnabled=true, browserName=firefox, takesScreenshot=true, javascriptEnabled=true, cssSelectorsEnabled=true}]
Session ID: e10f56f1-c5f5-4f4d-92fa-1fd31841b21e
*** Element info: {Using=xpath, value=//*[@id=;profileEdit-section']/section/div/div[1]}
For documentation on this error, please visit: http://seleniumhq.org/exceptions/no_such_element.html
Build info: version: '2.45.0', revision: '32a636c', time: '2015-03-05 22:01:35'
System info: host: 'MBK-TECH-81.local', ip: '192.168.4.182', os.name: 'Mac OS X', os.arch: 'x86_64', os.version: '10.11', java.version: '1.8.0_45'
Driver info: driver.version: unknown]]>
            </message>
            <full-stacktrace>
              <![CDATA[org.openqa.selenium.NoSuchElementException: The given selector //*[@id=;profileEdit-section']/section/div/div[1] is either invalid or does not result in a WebElement. The following error occurred:
InvalidSelectorError: Unable to locate an element with the xpath expression //*[@id=;profileEdit-section']/section/div/div[1] because of the following error:
SyntaxError: The expression is not a legal expression.
Command duration or timeout: 8.94 seconds
For documentation on this error, please visit: http://seleniumhq.org/exceptions/invalid_selector_exception.html
Build info: version: '2.45.0', revision: '32a636c', time: '2015-03-05 22:01:35'
System info: host: 'MBK-TECH-81.local', ip: '192.168.4.182', os.name: 'Mac OS X', os.arch: 'x86_64', os.version: '10.11', java.version: '1.8.0_45'
Driver info: org.openqa.selenium.firefox.FirefoxDriver
Capabilities [{applicationCacheEnabled=true, rotatable=false, handlesAlerts=true, databaseEnabled=true, version=42.0, platform=MAC, nativeEvents=false, acceptSslCerts=true, webStorageEnabled=true, locationContextEnabled=true, browserName=firefox, takesScreenshot=true, javascriptEnabled=true, cssSelectorsEnabled=true}]
Session ID: e10f56f1-c5f5-4f4d-92fa-1fd31841b21e
*** Element info: {Using=xpath, value=//*[@id=;profileEdit-section']/section/div/div[1]}
For documentation on this error, please visit: http://seleniumhq.org/exceptions/no_such_element.html
Build info: version: '2.45.0', revision: '32a636c', time: '2015-03-05 22:01:35'
System info: host: 'MBK-TECH-81.local', ip: '192.168.4.182', os.name: 'Mac OS X', os.arch: 'x86_64', os.version: '10.11', java.version: '1.8.0_45'
Driver info: driver.version: unknown
	at UITestFramework.OutfitteryScreens.findElement(OutfitteryScreens.java:63)
	at Outfittery.web.helpers.HomeHelper.oderWithoutCall(HomeHelper.java:65)
	at Outfittery.web.tests.HomePageTest.logintest(HomePageTest.java:34)
	at sun.reflect.NativeMethodAccessorImpl.invoke0(Native Method)
	at sun.reflect.NativeMethodAccessorImpl.invoke(NativeMethodAccessorImpl.java:62)
	at sun.reflect.DelegatingMethodAccessorImpl.invoke(DelegatingMethodAccessorImpl.java:43)
	at java.lang.reflect.Method.invoke(Method.java:497)
	at org.testng.internal.MethodInvocationHelper.invokeMethod(MethodInvocationHelper.java:84)
	at org.testng.internal.Invoker.invokeMethod(Invoker.java:714)
	at org.testng.internal.Invoker.invokeTestMethod(Invoker.java:901)
	at org.testng.internal.Invoker.invokeTestMethods(Invoker.java:1231)
	at org.testng.internal.TestMethodWorker.invokeTestMethods(TestMethodWorker.java:127)
	at org.testng.internal.TestMethodWorker.run(TestMethodWorker.java:111)
	at org.testng.TestRunner.privateRun(TestRunner.java:767)
	at org.testng.TestRunner.run(TestRunner.java:617)
	at org.testng.SuiteRunner.runTest(SuiteRunner.java:334)
	at org.testng.SuiteRunner.runSequentially(SuiteRunner.java:329)
	at org.testng.SuiteRunner.privateRun(SuiteRunner.java:291)
	at org.testng.SuiteRunner.run(SuiteRunner.java:240)
	at org.testng.SuiteRunnerWorker.runSuite(SuiteRunnerWorker.java:52)
	at org.testng.SuiteRunnerWorker.run(SuiteRunnerWorker.java:86)
	at org.testng.TestNG.runSuitesSequentially(TestNG.java:1224)
	at org.testng.TestNG.runSuitesLocally(TestNG.java:1149)
	at org.testng.TestNG.run(TestNG.java:1057)
	at org.testng.remote.RemoteTestNG.run(RemoteTestNG.java:111)
	at org.testng.remote.RemoteTestNG.initAndRun(RemoteTestNG.java:204)
	at org.testng.remote.RemoteTestNG.main(RemoteTestNG.java:175)
]]>
            </full-stacktrace>
          </exception> <!-- org.openqa.selenium.NoSuchElementException -->
          <reporter-output>
          </reporter-output>
        </test-method> <!-- logintest -->
        <test-method status="PASS" signature="teardown()[pri:0, instance:Outfittery.web.tests.HomePageTest@96532d6]" name="teardown" is-config="true" duration-ms="1" started-at="2015-12-07T15:18:03Z" finished-at="2015-12-07T15:18:03Z">
          <reporter-output>
          </reporter-output>
        </test-method> <!-- teardown -->
      </class> <!-- Outfittery.web.tests.HomePageTest -->
    </test> <!-- Default test -->
  </suite> <!-- Default suite -->
</testng-results>
