<?xml version="1.0" encoding="UTF-8"?>
<testng-results skipped="0" failed="0" total="1" passed="1">
  <reporter-output>
  </reporter-output>
  <suite name="Automation Tests" duration-ms="53012" started-at="2015-12-07T06:19:27Z" finished-at="2015-12-07T06:20:20Z">
    <groups>
    </groups>
    <test name="Outfittery_TestCases" duration-ms="53012" started-at="2015-12-07T06:19:27Z" finished-at="2015-12-07T06:20:20Z">
      <class name="Outfittery.web.tests.HomePageTest">
        <test-method status="PASS" signature="createSession()[pri:0, instance:Outfittery.web.tests.HomePageTest@5594a1b5]" name="createSession" is-config="true" duration-ms="9840" started-at="2015-12-07T11:49:27Z" finished-at="2015-12-07T11:49:36Z">
          <reporter-output>
          </reporter-output>
        </test-method> <!-- createSession -->
        <test-method status="PASS" signature="instantiateHelpers()[pri:0, instance:Outfittery.web.tests.HomePageTest@5594a1b5]" name="instantiateHelpers" is-config="true" duration-ms="165" started-at="2015-12-07T11:49:36Z" finished-at="2015-12-07T11:49:37Z">
          <reporter-output>
          </reporter-output>
        </test-method> <!-- instantiateHelpers -->
        <test-method status="PASS" signature="logintest()[pri:0, instance:Outfittery.web.tests.HomePageTest@5594a1b5]" name="logintest" duration-ms="42790" started-at="2015-12-07T11:49:37Z" finished-at="2015-12-07T11:50:19Z">
          <reporter-output>
          </reporter-output>
        </test-method> <!-- logintest -->
        <test-method status="PASS" signature="teardown()[pri:0, instance:Outfittery.web.tests.HomePageTest@5594a1b5]" name="teardown" is-config="true" duration-ms="205" started-at="2015-12-07T11:50:19Z" finished-at="2015-12-07T11:50:20Z">
          <reporter-output>
          </reporter-output>
        </test-method> <!-- teardown -->
      </class> <!-- Outfittery.web.tests.HomePageTest -->
    </test> <!-- Outfittery_TestCases -->
  </suite> <!-- Automation Tests -->
</testng-results>
