<?xml version="1.0" encoding="UTF-8"?>
<testng-results skipped="0" failed="0" total="1" passed="1">
  <reporter-output>
  </reporter-output>
  <suite name="Automation Tests" duration-ms="69254" started-at="2015-12-07T09:08:05Z" finished-at="2015-12-07T09:09:14Z">
    <groups>
    </groups>
    <test name="Outfittery_TestCases" duration-ms="69254" started-at="2015-12-07T09:08:05Z" finished-at="2015-12-07T09:09:14Z">
      <class name="Outfittery.web.tests.HomePageTest">
        <test-method status="PASS" signature="createSession()[pri:0, instance:Outfittery.web.tests.HomePageTest@5594a1b5]" name="createSession" is-config="true" duration-ms="12024" started-at="2015-12-07T14:38:05Z" finished-at="2015-12-07T14:38:17Z">
          <reporter-output>
          </reporter-output>
        </test-method> <!-- createSession -->
        <test-method status="PASS" signature="instantiateHelpers()[pri:0, instance:Outfittery.web.tests.HomePageTest@5594a1b5]" name="instantiateHelpers" is-config="true" duration-ms="129" started-at="2015-12-07T14:38:17Z" finished-at="2015-12-07T14:38:17Z">
          <reporter-output>
          </reporter-output>
        </test-method> <!-- instantiateHelpers -->
        <test-method status="PASS" signature="logintest()[pri:0, instance:Outfittery.web.tests.HomePageTest@5594a1b5]" name="logintest" duration-ms="57085" started-at="2015-12-07T14:38:17Z" finished-at="2015-12-07T14:39:14Z">
          <reporter-output>
          </reporter-output>
        </test-method> <!-- logintest -->
        <test-method status="PASS" signature="teardown()[pri:0, instance:Outfittery.web.tests.HomePageTest@5594a1b5]" name="teardown" is-config="true" duration-ms="1" started-at="2015-12-07T14:39:14Z" finished-at="2015-12-07T14:39:14Z">
          <reporter-output>
          </reporter-output>
        </test-method> <!-- teardown -->
      </class> <!-- Outfittery.web.tests.HomePageTest -->
    </test> <!-- Outfittery_TestCases -->
  </suite> <!-- Automation Tests -->
</testng-results>
